[debug] [2024-12-04T11:39:59.004Z] ----------------------------------------------------------------------
[debug] [2024-12-04T11:39:59.006Z] Command:       C:\Program Files\nodejs\node.exe C:\Users\Pablo\AppData\Roaming\npm\node_modules\firebase-tools\lib\bin\firebase.js init
[debug] [2024-12-04T11:39:59.007Z] CLI Version:   13.27.0
[debug] [2024-12-04T11:39:59.007Z] Platform:      win32
[debug] [2024-12-04T11:39:59.007Z] Node Version:  v22.12.0
[debug] [2024-12-04T11:39:59.007Z] Time:          Wed Dec 04 2024 12:39:59 GMT+0100 (hora estándar de Europa central)
[debug] [2024-12-04T11:39:59.008Z] ----------------------------------------------------------------------
[debug] 
[debug] [2024-12-04T11:39:59.015Z] > command requires scopes: ["email","openid","https://www.googleapis.com/auth/cloudplatformprojects.readonly","https://www.googleapis.com/auth/firebase","https://www.googleapis.com/auth/cloud-platform"]
[debug] [2024-12-04T11:39:59.016Z] > authorizing via signed-in user (rubiopablo577@gmail.com)
[info] 
     ######## #### ########  ######## ########     ###     ######  ########
     ##        ##  ##     ## ##       ##     ##  ##   ##  ##       ##
     ######    ##  ########  ######   ########  #########  ######  ######
     ##        ##  ##    ##  ##       ##     ## ##     ##       ## ##
     ##       #### ##     ## ######## ########  ##     ##  ######  ########

You're about to initialize a Firebase project in this directory:

  C:\Users\Pablo\Desktop\DWEC\JavaScript-2ºD.A.W\Omdb-API

[info] 
=== Project Setup
[info] 
[info] First, let's associate this project directory with a Firebase project.
[info] You can create multiple project aliases by running firebase use --add, 
[info] but for now we'll just set up a default project.
[info] 
[info] i  If you want to create a project in a Google Cloud organization or folder, please use "firebase projects:create" instead, and return to this command when you've created the project. 
[debug] [2024-12-04T11:41:06.816Z] Checked if tokens are valid: true, expires at: 1733315985839
[debug] [2024-12-04T11:41:06.816Z] Checked if tokens are valid: true, expires at: 1733315985839
[debug] [2024-12-04T11:41:06.817Z] >>> [apiv2][query] POST https://cloudresourcemanager.googleapis.com/v1/projects [none]
[debug] [2024-12-04T11:41:06.817Z] >>> [apiv2][body] POST https://cloudresourcemanager.googleapis.com/v1/projects {"projectId":"Omdb-API","name":"Omdb-API"}
[debug] [2024-12-04T11:41:07.542Z] <<< [apiv2][status] POST https://cloudresourcemanager.googleapis.com/v1/projects 400
[debug] [2024-12-04T11:41:07.543Z] <<< [apiv2][body] POST https://cloudresourcemanager.googleapis.com/v1/projects {"error":{"code":400,"message":"field [project_id] has issue [project_id contains invalid characters]","status":"INVALID_ARGUMENT","details":[{"@type":"type.googleapis.com/google.rpc.BadRequest","fieldViolations":[{"field":"project_id","description":"project_id contains invalid characters"}]},{"@type":"type.googleapis.com/google.rpc.Help","links":[{"url":"https://cloud.google.com/resource-manager/reference/rest/v1/projects"}]}]}}
[debug] [2024-12-04T11:41:07.635Z] FirebaseError: Request to https://cloudresourcemanager.googleapis.com/v1/projects had HTTP Error: 400, field [project_id] has issue [project_id contains invalid characters]
    at responseToError (C:\Users\Pablo\AppData\Roaming\npm\node_modules\firebase-tools\lib\responseToError.js:52:12)
    at RetryOperation._fn (C:\Users\Pablo\AppData\Roaming\npm\node_modules\firebase-tools\lib\apiv2.js:312:77)
    at process.processTicksAndRejections (node:internal/process/task_queues:105:5)
[error] 
[error] Error: Failed to create project. See firebase-debug.log for more info.
[debug] [2024-12-04T11:42:32.567Z] ----------------------------------------------------------------------
[debug] [2024-12-04T11:42:32.570Z] Command:       C:\Program Files\nodejs\node.exe C:\Users\Pablo\AppData\Roaming\npm\node_modules\firebase-tools\lib\bin\firebase.js init
[debug] [2024-12-04T11:42:32.571Z] CLI Version:   13.27.0
[debug] [2024-12-04T11:42:32.571Z] Platform:      win32
[debug] [2024-12-04T11:42:32.571Z] Node Version:  v22.12.0
[debug] [2024-12-04T11:42:32.571Z] Time:          Wed Dec 04 2024 12:42:32 GMT+0100 (hora estándar de Europa central)
[debug] [2024-12-04T11:42:32.571Z] ----------------------------------------------------------------------
[debug] 
[debug] [2024-12-04T11:42:32.579Z] > command requires scopes: ["email","openid","https://www.googleapis.com/auth/cloudplatformprojects.readonly","https://www.googleapis.com/auth/firebase","https://www.googleapis.com/auth/cloud-platform"]
[debug] [2024-12-04T11:42:32.579Z] > authorizing via signed-in user (rubiopablo577@gmail.com)
[info] 
     ######## #### ########  ######## ########     ###     ######  ########
     ##        ##  ##     ## ##       ##     ##  ##   ##  ##       ##
     ######    ##  ########  ######   ########  #########  ######  ######
     ##        ##  ##    ##  ##       ##     ## ##     ##       ## ##
     ##       #### ##     ## ######## ########  ##     ##  ######  ########

You're about to initialize a Firebase project in this directory:

  C:\Users\Pablo\Desktop\DWEC\JavaScript-2ºD.A.W\Omdb-API

[info] 
=== Project Setup
[info] 
[info] First, let's associate this project directory with a Firebase project.
[info] You can create multiple project aliases by running firebase use --add, 
[info] but for now we'll just set up a default project.
[info] 
[info] i  If you want to create a project in a Google Cloud organization or folder, please use "firebase projects:create" instead, and return to this command when you've created the project. 
[debug] [2024-12-04T11:43:18.549Z] Checked if tokens are valid: true, expires at: 1733315985839
[debug] [2024-12-04T11:43:18.549Z] Checked if tokens are valid: true, expires at: 1733315985839
[debug] [2024-12-04T11:43:18.550Z] >>> [apiv2][query] POST https://cloudresourcemanager.googleapis.com/v1/projects [none]
[debug] [2024-12-04T11:43:18.550Z] >>> [apiv2][body] POST https://cloudresourcemanager.googleapis.com/v1/projects {"projectId":"PeliculasPablo1","name":"PeliculasPablo1"}
[debug] [2024-12-04T11:43:19.258Z] <<< [apiv2][status] POST https://cloudresourcemanager.googleapis.com/v1/projects 400
[debug] [2024-12-04T11:43:19.258Z] <<< [apiv2][body] POST https://cloudresourcemanager.googleapis.com/v1/projects {"error":{"code":400,"message":"field [project_id] has issue [project_id contains invalid characters]","status":"INVALID_ARGUMENT","details":[{"@type":"type.googleapis.com/google.rpc.BadRequest","fieldViolations":[{"field":"project_id","description":"project_id contains invalid characters"}]},{"@type":"type.googleapis.com/google.rpc.Help","links":[{"url":"https://cloud.google.com/resource-manager/reference/rest/v1/projects"}]}]}}
[debug] [2024-12-04T11:43:19.409Z] FirebaseError: Request to https://cloudresourcemanager.googleapis.com/v1/projects had HTTP Error: 400, field [project_id] has issue [project_id contains invalid characters]
    at responseToError (C:\Users\Pablo\AppData\Roaming\npm\node_modules\firebase-tools\lib\responseToError.js:52:12)
    at RetryOperation._fn (C:\Users\Pablo\AppData\Roaming\npm\node_modules\firebase-tools\lib\apiv2.js:312:77)
    at process.processTicksAndRejections (node:internal/process/task_queues:105:5)
[error] 
[error] Error: Failed to create project. See firebase-debug.log for more info.
